Arguments: 
  C:\Program Files\nodejs\node.exe C:\Program Files (x86)\Yarn\bin\yarn.js add gatsby-source-contentful

PATH: 
  C:\Users\Sync\AppData\Roaming\npm;C:\Program Files\nodejs\;C:\Windows\system32;C:\Windows;C:\Windows\System32\Wbem;C:\Windows\System32\WindowsPowerShell\v1.0\;C:\Windows\System32\OpenSSH\;C:\Program Files\Microsoft SQL Server\130\Tools\Binn\;C:\Program Files\Microsoft SQL Server\Client SDK\ODBC\170\Tools\Binn\;C:\Program Files\Microsoft SQL Server\Client SDK\ODBC\110\Tools\Binn\;C:\Program Files (x86)\Microsoft SQL Server\120\Tools\Binn\ManagementStudio\;C:\Program Files (x86)\Microsoft SQL Server\120\Tools\Binn\;C:\Program Files\Microsoft SQL Server\120\Tools\Binn\;C:\Program Files (x86)\Microsoft SQL Server\120\DTS\Binn\;C:\Program Files\Microsoft SQL Server\120\DTS\Binn\;C:\Program Files (x86)\Microsoft SQL Server\150\DTS\Binn\;C:\Program Files\nodejs\;C:\Program Files\dotnet\;C:\Program Files (x86)\Yarn\bin\;C:\Program Files\Git\cmd;C:\Users\Sync\.cargo\bin;C:\Users\Sync\AppData\Local\Microsoft\WindowsApps;C:\Users\Sync\.dotnet\tools;C:\Users\Sync\AppData\Roaming\npm;C:\Users\Sync\AppData\Local\Programs\Microsoft VS Code\bin;C:\Users\Sync\.dotnet\tools;C:\Users\Sync\AppData\Local\Yarn\bin

Yarn version: 
  1.22.5

Node version: 
  12.18.0

Platform: 
  win32 x64

Trace: 
  Error: https://registry.yarnpkg.com/date-fns/-/date-fns-2.16.1.tgz: ESOCKETTIMEDOUT
      at ClientRequest.<anonymous> (C:\Program Files (x86)\Yarn\lib\cli.js:141376:19)
      at Object.onceWrapper (events.js:421:28)
      at ClientRequest.emit (events.js:315:20)
      at TLSSocket.emitRequestTimeout (_http_client.js:709:9)
      at Object.onceWrapper (events.js:421:28)
      at TLSSocket.emit (events.js:327:22)
      at TLSSocket.Socket._onTimeout (net.js:481:8)
      at listOnTimeout (internal/timers.js:549:17)
      at processTimers (internal/timers.js:492:7)

npm manifest: 
  {
    "name": "gatsby-starter-hello-world",
    "private": true,
    "description": "A simplified bare-bones starter for Gatsby",
    "version": "0.1.0",
    "license": "0BSD",
    "scripts": {
      "build": "gatsby build",
      "develop": "gatsby develop",
      "format": "prettier --write \"**/*.{js,jsx,ts,tsx,json,md}\"",
      "start": "npm run develop",
      "serve": "gatsby serve",
      "clean": "gatsby clean",
      "test": "echo \"Write tests! -> https://gatsby.dev/unit-testing\" && exit 1"
    },
    "dependencies": {
      "gatsby": "^2.25.3",
      "react": "^16.12.0",
      "react-dom": "^16.12.0"
    },
    "devDependencies": {
      "prettier": "2.1.2"
    },
    "repository": {
      "type": "git",
      "url": "https://github.com/gatsbyjs/gatsby-starter-hello-world"
    },
    "bugs": {
      "url": "https://github.com/gatsbyjs/gatsby/issues"
    }
  }

yarn manifest: 
  No manifest

Lockfile: 
  No lockfile
